*** Using Compiler 'V6.21', folder: 'C:\Applications\Keil\ARM\ARMCLANG\Bin'
Build target 'Controller'
compiling gpio.c...
compiling stm32f4xx_hal_msp.c...
compiling motors.c...
compiling timer.c...
compiling sensors.c...
compiling main.c...
compiling tim.c...
compiling pid.c...
compiling comm.c...
compiling stm32f4xx_it.c...
compiling usart.c...
compiling stm32f4xx_hal_rcc_ex.c...
compiling pid_app.c...
compiling stm32f4xx_hal_rcc.c...
compiling stm32f4xx_hal_tim_ex.c...
compiling stm32f4xx_hal_flash_ramfunc.c...
compiling stm32f4xx_hal_flash.c...
compiling stm32f4xx_hal_gpio.c...
compiling stm32f4xx_hal_flash_ex.c...
compiling system_stm32f4xx.c...
compiling stm32f4xx_hal_dma_ex.c...
compiling stm32f4xx_hal_pwr.c...
compiling stm32f4xx_hal_pwr_ex.c...
compiling stm32f4xx_hal_exti.c...
compiling stm32f4xx_hal.c...
compiling stm32f4xx_hal_cortex.c...
compiling stm32f4xx_hal_dma.c...
compiling stm32f4xx_hal_tim.c...
compiling stm32f4xx_hal_uart.c...
linking...
Program Size: Code=12568 RO-data=484 RW-data=36 ZI-data=2572  
FromELF: creating hex file...
"Controller\Controller.axf" - 0 Error(s), 0 Warning(s).
Build Time Elapsed:  00:00:01
